<?xml version="1.0" encoding="UTF-8"?>
<testng-results ignored="0" total="1" passed="1" failed="0" skipped="0">
  <reporter-output>
  </reporter-output>
  <suite started-at="2022-08-01T14:19:34 IST" name="Default suite" finished-at="2022-08-01T14:19:34 IST" duration-ms="45">
    <groups>
    </groups>
    <test started-at="2022-08-01T14:19:34 IST" name="Default test" finished-at="2022-08-01T14:19:34 IST" duration-ms="45">
      <class name="exceloperations.TestSeleniumBlog">
        <test-method signature="testconfig()[pri:0, instance:exceloperations.TestSeleniumBlog@cad498c]" started-at="2022-08-01T14:19:34 IST" name="testconfig" finished-at="2022-08-01T14:19:34 IST" duration-ms="13" status="PASS">
          <reporter-output>
          </reporter-output>
        </test-method> <!-- testconfig -->
      </class> <!-- exceloperations.TestSeleniumBlog -->
    </test> <!-- Default test -->
  </suite> <!-- Default suite -->
</testng-results>
